Using pre-set license
Built from '2020.3/staging' branch; Version is '2020.3.0f1 (c7b5465681fb) revision 13088070'; Using compiler version '192528614'; Build Type 'Release'
OS: 'Windows 10 Pro; OS build 22631.3880; Version 2009; 64bit' Language: 'ru' Physical Memory: 15789 MB
BatchMode: 1, IsHumanControllingUs: 0, StartBugReporterOnCrash: 0, Is64bit: 1, IsPro: 0

 COMMAND LINE ARGUMENTS:
C:\Program Files\Unity\Hub\Editor\2020.3.0f1\Editor\Unity.exe
-adb2
-batchMode
-noUpm
-name
AssetImportWorker0
-projectPath
C:/Users/User/Documents/UnityHub/My project
-logFile
Logs/AssetImportWorker0.log
-srvPort
53441
Successfully changed project path to: C:/Users/User/Documents/UnityHub/My project
C:/Users/User/Documents/UnityHub/My project
Using Asset Import Pipeline V2.
Refreshing native plugins compatible for Editor in 919.04 ms, found 1 plugins.
Preloading 0 native plugins for Editor in 0.00 ms.
Initialize engine version: 2020.3.0f1 (c7b5465681fb)
[Subsystems] Discovering subsystems at path C:/Program Files/Unity/Hub/Editor/2020.3.0f1/Editor/Data/Resources/UnitySubsystems
[Subsystems] Discovering subsystems at path C:/Users/User/Documents/UnityHub/My project/Assets
GfxDevice: creating device client; threaded=0
Direct3D:
    Version:  Direct3D 11.0 [level 11.1]
    Renderer: NVIDIA GeForce GTX 1650 (ID=0x1f9d)
    Vendor:   
    VRAM:     3950 MB
    Driver:   31.0.15.4680
Initialize mono
Mono path[0] = 'C:/Program Files/Unity/Hub/Editor/2020.3.0f1/Editor/Data/Managed'
Mono path[1] = 'C:/Program Files/Unity/Hub/Editor/2020.3.0f1/Editor/Data/MonoBleedingEdge/lib/mono/unityjit'
Mono config path = 'C:/Program Files/Unity/Hub/Editor/2020.3.0f1/Editor/Data/MonoBleedingEdge/etc'
Using monoOptions --debugger-agent=transport=dt_socket,embedding=1,server=y,suspend=n,address=127.0.0.1:56720
Begin MonoManager ReloadAssembly
Registering precompiled unity dll's ...
Register platform support module: C:/Program Files/Unity/Hub/Editor/2020.3.0f1/Editor/Data/PlaybackEngines/WindowsStandaloneSupport/UnityEditor.WindowsStandalone.Extensions.dll
Registered in 0.002748 seconds.
Native extension for WindowsStandalone target not found
Refreshing native plugins compatible for Editor in 37.84 ms, found 1 plugins.
Preloading 0 native plugins for Editor in 0.00 ms.
Invoked RoslynAnalysisRunner static constructor.
RoslynAnalysisRunner will not be running.
RoslynAnalysisRunner has terminated.
Mono: successfully reloaded assembly
- Completed reload, in  4.583 seconds
Platform modules already initialized, skipping
Registering precompiled user dll's ...
Registered in 0.001100 seconds.
Begin MonoManager ReloadAssembly
Native extension for WindowsStandalone target not found
Refreshing native plugins compatible for Editor in 46.13 ms, found 1 plugins.
Preloading 0 native plugins for Editor in 0.00 ms.
Invoked RoslynAnalysisRunner static constructor.
RoslynAnalysisRunner will not be running.
RoslynAnalysisRunner has terminated.
Mono: successfully reloaded assembly
- Completed reload, in  1.088 seconds
Platform modules already initialized, skipping
========================================================================
Worker process is ready to serve import requests
Launched and connected shader compiler UnityShaderCompiler.exe after 0.07 seconds
Refreshing native plugins compatible for Editor in 1.09 ms, found 1 plugins.
Preloading 0 native plugins for Editor in 0.00 ms.
Unloading 1831 Unused Serialized files (Serialized files now loaded: 0)
System memory in use before: 87.2 MB.
System memory in use after: 87.3 MB.

Unloading 19 unused Assets to reduce memory usage. Loaded Objects now: 2280.
Total: 2.682000 ms (FindLiveObjects: 0.440300 ms CreateObjectMapping: 0.263600 ms MarkObjects: 1.873900 ms  DeleteObjects: 0.101600 ms)

========================================================================
Received Import Request.
  path: Assets/CodeBase/Controllers/ShopWindowController.cs
  artifactKey: Guid(5467157c30ed0824ab40de95d6dfada2) Importer(815301076,1909f56bfc062723c751e8b465ee728b)
Start importing Assets/CodeBase/Controllers/ShopWindowController.cs using Guid(5467157c30ed0824ab40de95d6dfada2) Importer(815301076,1909f56bfc062723c751e8b465ee728b)  -> (artifact id: 'e6a9e03ab2f345ed3963cb6d241432b0') in 0.079095 seconds
  Import took 0.084960 seconds .

========================================================================
Received Import Request.
  Time since last request: 0.000805 seconds.
  path: Assets/CodeBase/Controllers/StartWindowController.cs
  artifactKey: Guid(d8f3885e4d474ee18952c64aa4316c21) Importer(815301076,1909f56bfc062723c751e8b465ee728b)
Start importing Assets/CodeBase/Controllers/StartWindowController.cs using Guid(d8f3885e4d474ee18952c64aa4316c21) Importer(815301076,1909f56bfc062723c751e8b465ee728b)  -> (artifact id: '9fd096bf93ab28700b4fb72f60171168') in 0.010455 seconds
  Import took 0.014136 seconds .

========================================================================
Received Import Request.
  Time since last request: 0.000267 seconds.
  path: Assets/CodeBase/Controllers/BaseController.cs
  artifactKey: Guid(188f93af2ccc3e445893eb2e279672b6) Importer(815301076,1909f56bfc062723c751e8b465ee728b)
Start importing Assets/CodeBase/Controllers/BaseController.cs using Guid(188f93af2ccc3e445893eb2e279672b6) Importer(815301076,1909f56bfc062723c751e8b465ee728b)  -> (artifact id: 'fff82683669456e1df1da679836bc799') in 0.011756 seconds
  Import took 0.015542 seconds .

========================================================================
Received Import Request.
  Time since last request: 8.109316 seconds.
  path: Assets/CodeBase/Controllers/ShopWindowController.cs
  artifactKey: Guid(5467157c30ed0824ab40de95d6dfada2) Importer(815301076,1909f56bfc062723c751e8b465ee728b)
Start importing Assets/CodeBase/Controllers/ShopWindowController.cs using Guid(5467157c30ed0824ab40de95d6dfada2) Importer(815301076,1909f56bfc062723c751e8b465ee728b)  -> (artifact id: '3526aec20d581630f27623e703f4a498') in 0.003746 seconds
  Import took 0.008345 seconds .

========================================================================
Received Import Request.
  Time since last request: 0.002907 seconds.
  path: Assets/CodeBase/Controllers/ShopWindowController.cs
  artifactKey: Guid(5467157c30ed0824ab40de95d6dfada2) Importer(815301076,1909f56bfc062723c751e8b465ee728b)
Start importing Assets/CodeBase/Controllers/ShopWindowController.cs using Guid(5467157c30ed0824ab40de95d6dfada2) Importer(815301076,1909f56bfc062723c751e8b465ee728b)  -> (artifact id: '3526aec20d581630f27623e703f4a498') in 0.003931 seconds
  Import took 0.007960 seconds .

========================================================================
Received Import Request.
  Time since last request: 18.125431 seconds.
  path: Assets/CodeBase/Controllers/ShopWindowController.cs
  artifactKey: Guid(5467157c30ed0824ab40de95d6dfada2) Importer(815301076,1909f56bfc062723c751e8b465ee728b)
Start importing Assets/CodeBase/Controllers/ShopWindowController.cs using Guid(5467157c30ed0824ab40de95d6dfada2) Importer(815301076,1909f56bfc062723c751e8b465ee728b)  -> (artifact id: '45ee1bed59663f5bebe1bd99a9170ef8') in 0.003260 seconds
  Import took 0.007097 seconds .

========================================================================
Received Import Request.
  Time since last request: 0.003734 seconds.
  path: Assets/CodeBase/Controllers/ShopWindowController.cs
  artifactKey: Guid(5467157c30ed0824ab40de95d6dfada2) Importer(815301076,1909f56bfc062723c751e8b465ee728b)
Start importing Assets/CodeBase/Controllers/ShopWindowController.cs using Guid(5467157c30ed0824ab40de95d6dfada2) Importer(815301076,1909f56bfc062723c751e8b465ee728b)  -> (artifact id: '45ee1bed59663f5bebe1bd99a9170ef8') in 0.003496 seconds
  Import took 0.006929 seconds .

========================================================================
Received Prepare
Registering precompiled user dll's ...
Registered in 0.000929 seconds.
Begin MonoManager ReloadAssembly
Native extension for WindowsStandalone target not found
Refreshing native plugins compatible for Editor in 0.39 ms, found 1 plugins.
Preloading 0 native plugins for Editor in 0.00 ms.
Invoked RoslynAnalysisRunner static constructor.
RoslynAnalysisRunner will not be running.
RoslynAnalysisRunner has terminated.
Mono: successfully reloaded assembly
- Completed reload, in  0.786 seconds
Platform modules already initialized, skipping
Refreshing native plugins compatible for Editor in 0.65 ms, found 1 plugins.
Preloading 0 native plugins for Editor in 0.00 ms.
Unloading 1808 Unused Serialized files (Serialized files now loaded: 0)
System memory in use before: 85.8 MB.
System memory in use after: 85.9 MB.

Unloading 7 unused Assets to reduce memory usage. Loaded Objects now: 2284.
Total: 4.365700 ms (FindLiveObjects: 0.741200 ms CreateObjectMapping: 0.251700 ms MarkObjects: 3.342400 ms  DeleteObjects: 0.026700 ms)

========================================================================
Received Import Request.
  Time since last request: 180.007599 seconds.
  path: Assets/CodeBase/Controllers/ShopWindowController.cs
  artifactKey: Guid(5467157c30ed0824ab40de95d6dfada2) Importer(815301076,1909f56bfc062723c751e8b465ee728b)
Start importing Assets/CodeBase/Controllers/ShopWindowController.cs using Guid(5467157c30ed0824ab40de95d6dfada2) Importer(815301076,1909f56bfc062723c751e8b465ee728b)  -> (artifact id: 'de594611ac29c3819d16da7209a48ee8') in 0.011994 seconds
  Import took 0.015644 seconds .

========================================================================
Received Import Request.
  Time since last request: 0.020559 seconds.
  path: Assets/CodeBase/Controllers/ShopWindowController.cs
  artifactKey: Guid(5467157c30ed0824ab40de95d6dfada2) Importer(815301076,1909f56bfc062723c751e8b465ee728b)
Start importing Assets/CodeBase/Controllers/ShopWindowController.cs using Guid(5467157c30ed0824ab40de95d6dfada2) Importer(815301076,1909f56bfc062723c751e8b465ee728b)  -> (artifact id: 'de594611ac29c3819d16da7209a48ee8') in 0.010456 seconds
  Import took 0.014353 seconds .

========================================================================
Received Prepare
Registering precompiled user dll's ...
Registered in 0.089712 seconds.
Begin MonoManager ReloadAssembly
Native extension for WindowsStandalone target not found
Refreshing native plugins compatible for Editor in 0.40 ms, found 1 plugins.
Preloading 0 native plugins for Editor in 0.00 ms.
Invoked RoslynAnalysisRunner static constructor.
RoslynAnalysisRunner will not be running.
RoslynAnalysisRunner has terminated.
Mono: successfully reloaded assembly
- Completed reload, in  0.879 seconds
Platform modules already initialized, skipping
Refreshing native plugins compatible for Editor in 0.40 ms, found 1 plugins.
Preloading 0 native plugins for Editor in 0.00 ms.
Unloading 1808 Unused Serialized files (Serialized files now loaded: 0)
System memory in use before: 85.9 MB.
System memory in use after: 86.0 MB.

Unloading 7 unused Assets to reduce memory usage. Loaded Objects now: 2288.
Total: 1.934700 ms (FindLiveObjects: 0.220800 ms CreateObjectMapping: 0.041600 ms MarkObjects: 1.648400 ms  DeleteObjects: 0.022600 ms)

========================================================================
Received Prepare
Registering precompiled user dll's ...
Registered in 0.001243 seconds.
Begin MonoManager ReloadAssembly
Native extension for WindowsStandalone target not found
Refreshing native plugins compatible for Editor in 0.57 ms, found 1 plugins.
Preloading 0 native plugins for Editor in 0.00 ms.
Invoked RoslynAnalysisRunner static constructor.
RoslynAnalysisRunner will not be running.
RoslynAnalysisRunner has terminated.
Mono: successfully reloaded assembly
- Completed reload, in  0.976 seconds
Platform modules already initialized, skipping
Refreshing native plugins compatible for Editor in 0.39 ms, found 1 plugins.
Preloading 0 native plugins for Editor in 0.00 ms.
Unloading 1808 Unused Serialized files (Serialized files now loaded: 0)
System memory in use before: 85.9 MB.
System memory in use after: 86.0 MB.

Unloading 7 unused Assets to reduce memory usage. Loaded Objects now: 2292.
Total: 3.331100 ms (FindLiveObjects: 0.934400 ms CreateObjectMapping: 0.224400 ms MarkObjects: 2.152000 ms  DeleteObjects: 0.018000 ms)

========================================================================
Received Import Request.
  Time since last request: 97.682614 seconds.
  path: Assets/CodeBase/Controllers/ShopWindowController.cs
  artifactKey: Guid(5467157c30ed0824ab40de95d6dfada2) Importer(815301076,1909f56bfc062723c751e8b465ee728b)
Start importing Assets/CodeBase/Controllers/ShopWindowController.cs using Guid(5467157c30ed0824ab40de95d6dfada2) Importer(815301076,1909f56bfc062723c751e8b465ee728b)  -> (artifact id: 'b0eb2d72871ccd714aee2edf25704c0f') in 0.010848 seconds
  Import took 0.015518 seconds .

========================================================================
Received Import Request.
  Time since last request: 0.028157 seconds.
  path: Assets/CodeBase/Controllers/ShopWindowController.cs
  artifactKey: Guid(5467157c30ed0824ab40de95d6dfada2) Importer(815301076,1909f56bfc062723c751e8b465ee728b)
Start importing Assets/CodeBase/Controllers/ShopWindowController.cs using Guid(5467157c30ed0824ab40de95d6dfada2) Importer(815301076,1909f56bfc062723c751e8b465ee728b)  -> (artifact id: 'b0eb2d72871ccd714aee2edf25704c0f') in 0.003277 seconds
  Import took 0.007342 seconds .

========================================================================
Received Prepare
Registering precompiled user dll's ...
Registered in 0.000914 seconds.
Begin MonoManager ReloadAssembly
Native extension for WindowsStandalone target not found
Refreshing native plugins compatible for Editor in 0.53 ms, found 1 plugins.
Preloading 0 native plugins for Editor in 0.00 ms.
Invoked RoslynAnalysisRunner static constructor.
RoslynAnalysisRunner will not be running.
RoslynAnalysisRunner has terminated.
Mono: successfully reloaded assembly
- Completed reload, in  0.842 seconds
Platform modules already initialized, skipping
Refreshing native plugins compatible for Editor in 0.52 ms, found 1 plugins.
Preloading 0 native plugins for Editor in 0.00 ms.
Unloading 1808 Unused Serialized files (Serialized files now loaded: 0)
System memory in use before: 85.9 MB.
System memory in use after: 86.0 MB.

Unloading 7 unused Assets to reduce memory usage. Loaded Objects now: 2296.
Total: 2.244000 ms (FindLiveObjects: 0.354800 ms CreateObjectMapping: 0.086100 ms MarkObjects: 1.778300 ms  DeleteObjects: 0.022400 ms)

========================================================================
Received Prepare
Registering precompiled user dll's ...
Registered in 0.001198 seconds.
Begin MonoManager ReloadAssembly
Native extension for WindowsStandalone target not found
Refreshing native plugins compatible for Editor in 0.50 ms, found 1 plugins.
Preloading 0 native plugins for Editor in 0.00 ms.
Invoked RoslynAnalysisRunner static constructor.
RoslynAnalysisRunner will not be running.
RoslynAnalysisRunner has terminated.
Mono: successfully reloaded assembly
- Completed reload, in  0.873 seconds
Platform modules already initialized, skipping
Refreshing native plugins compatible for Editor in 0.42 ms, found 1 plugins.
Preloading 0 native plugins for Editor in 0.00 ms.
Unloading 1808 Unused Serialized files (Serialized files now loaded: 0)
System memory in use before: 85.9 MB.
System memory in use after: 86.0 MB.

Unloading 7 unused Assets to reduce memory usage. Loaded Objects now: 2300.
Total: 5.166900 ms (FindLiveObjects: 0.665300 ms CreateObjectMapping: 0.312300 ms MarkObjects: 4.151100 ms  DeleteObjects: 0.034900 ms)

========================================================================
Received Prepare
Registering precompiled user dll's ...
Registered in 0.001955 seconds.
Begin MonoManager ReloadAssembly
Native extension for WindowsStandalone target not found
Refreshing native plugins compatible for Editor in 0.58 ms, found 1 plugins.
Preloading 0 native plugins for Editor in 0.00 ms.
Invoked RoslynAnalysisRunner static constructor.
RoslynAnalysisRunner will not be running.
RoslynAnalysisRunner has terminated.
Mono: successfully reloaded assembly
- Completed reload, in  0.888 seconds
Platform modules already initialized, skipping
Refreshing native plugins compatible for Editor in 0.37 ms, found 1 plugins.
Preloading 0 native plugins for Editor in 0.00 ms.
Unloading 1808 Unused Serialized files (Serialized files now loaded: 0)
System memory in use before: 85.9 MB.
System memory in use after: 86.0 MB.

Unloading 7 unused Assets to reduce memory usage. Loaded Objects now: 2304.
Total: 3.768200 ms (FindLiveObjects: 0.390400 ms CreateObjectMapping: 0.091500 ms MarkObjects: 3.255700 ms  DeleteObjects: 0.027700 ms)

========================================================================
Received Prepare
Registering precompiled user dll's ...
Registered in 0.001071 seconds.
Begin MonoManager ReloadAssembly
Native extension for WindowsStandalone target not found
Refreshing native plugins compatible for Editor in 0.46 ms, found 1 plugins.
Preloading 0 native plugins for Editor in 0.00 ms.
Invoked RoslynAnalysisRunner static constructor.
RoslynAnalysisRunner will not be running.
RoslynAnalysisRunner has terminated.
Mono: successfully reloaded assembly
- Completed reload, in  0.884 seconds
Platform modules already initialized, skipping
Refreshing native plugins compatible for Editor in 0.60 ms, found 1 plugins.
Preloading 0 native plugins for Editor in 0.00 ms.
Unloading 1808 Unused Serialized files (Serialized files now loaded: 0)
System memory in use before: 85.9 MB.
System memory in use after: 86.0 MB.

Unloading 7 unused Assets to reduce memory usage. Loaded Objects now: 2308.
Total: 3.468400 ms (FindLiveObjects: 0.439900 ms CreateObjectMapping: 0.119900 ms MarkObjects: 2.889000 ms  DeleteObjects: 0.017600 ms)

========================================================================
Received Import Request.
  Time since last request: 369.184482 seconds.
  path: Assets/CodeBase/ScriptableObject/ScriptableData
  artifactKey: Guid(09ae3257e6bbe0a4182f027e7e18498c) Importer(815301076,1909f56bfc062723c751e8b465ee728b)
Start importing Assets/CodeBase/ScriptableObject/ScriptableData using Guid(09ae3257e6bbe0a4182f027e7e18498c) Importer(815301076,1909f56bfc062723c751e8b465ee728b)  -> (artifact id: '4ed1921fcabbb0732efa32b3be7e9dd9') in 0.012400 seconds
  Import took 0.015913 seconds .

========================================================================
Received Import Request.
  Time since last request: 9.798444 seconds.
  path: Assets/CodeBase/ScriptableObject/ScriptableScripts
  artifactKey: Guid(c2f67b156187b2247ad56959b34f115a) Importer(815301076,1909f56bfc062723c751e8b465ee728b)
Start importing Assets/CodeBase/ScriptableObject/ScriptableScripts using Guid(c2f67b156187b2247ad56959b34f115a) Importer(815301076,1909f56bfc062723c751e8b465ee728b)  -> (artifact id: 'd4c72b1bd56ca763f3a47e3661f26a04') in 0.009552 seconds
  Import took 0.013034 seconds .

========================================================================
Received Import Request.
  Time since last request: 1.495265 seconds.
  path: Assets/CodeBase/ScriptableObject/ItemData.cs
  artifactKey: Guid(257efdd744c7ea24bbda354f2a19c29f) Importer(815301076,1909f56bfc062723c751e8b465ee728b)
Start importing Assets/CodeBase/ScriptableObject/ItemData.cs using Guid(257efdd744c7ea24bbda354f2a19c29f) Importer(815301076,1909f56bfc062723c751e8b465ee728b)  -> (artifact id: '1f49c9538e1e85f5dd4e27ad8338004f') in 0.008830 seconds
  Import took 0.012582 seconds .

========================================================================
Received Import Request.
  Time since last request: 0.005291 seconds.
  path: Assets/CodeBase/ScriptableObject/ItemData.cs
  artifactKey: Guid(257efdd744c7ea24bbda354f2a19c29f) Importer(815301076,1909f56bfc062723c751e8b465ee728b)
Start importing Assets/CodeBase/ScriptableObject/ItemData.cs using Guid(257efdd744c7ea24bbda354f2a19c29f) Importer(815301076,1909f56bfc062723c751e8b465ee728b)  -> (artifact id: '1f49c9538e1e85f5dd4e27ad8338004f') in 0.003766 seconds
  Import took 0.006785 seconds .

========================================================================
Received Import Request.
  Time since last request: 0.482298 seconds.
  path: Assets/CodeBase/ScriptableObject/ShopWindowData.cs
  artifactKey: Guid(868da9da462b14748bc43c0cdf6b36fa) Importer(815301076,1909f56bfc062723c751e8b465ee728b)
Start importing Assets/CodeBase/ScriptableObject/ShopWindowData.cs using Guid(868da9da462b14748bc43c0cdf6b36fa) Importer(815301076,1909f56bfc062723c751e8b465ee728b)  -> (artifact id: '54abb0c24d52680da5275e6abbb5ea3c') in 0.008956 seconds
  Import took 0.013084 seconds .

========================================================================
Received Import Request.
  Time since last request: 0.003155 seconds.
  path: Assets/CodeBase/ScriptableObject/ShopWindowData.cs
  artifactKey: Guid(868da9da462b14748bc43c0cdf6b36fa) Importer(815301076,1909f56bfc062723c751e8b465ee728b)
Start importing Assets/CodeBase/ScriptableObject/ShopWindowData.cs using Guid(868da9da462b14748bc43c0cdf6b36fa) Importer(815301076,1909f56bfc062723c751e8b465ee728b)  -> (artifact id: '54abb0c24d52680da5275e6abbb5ea3c') in 0.007821 seconds
  Import took 0.011183 seconds .

========================================================================
Received Prepare
Registering precompiled user dll's ...
Registered in 0.000872 seconds.
Begin MonoManager ReloadAssembly
Native extension for WindowsStandalone target not found
Refreshing native plugins compatible for Editor in 0.93 ms, found 1 plugins.
Preloading 0 native plugins for Editor in 0.00 ms.
Invoked RoslynAnalysisRunner static constructor.
RoslynAnalysisRunner will not be running.
RoslynAnalysisRunner has terminated.
Mono: successfully reloaded assembly
- Completed reload, in  0.786 seconds
Platform modules already initialized, skipping
Refreshing native plugins compatible for Editor in 0.40 ms, found 1 plugins.
Preloading 0 native plugins for Editor in 0.00 ms.
Unloading 1808 Unused Serialized files (Serialized files now loaded: 0)
System memory in use before: 85.9 MB.
System memory in use after: 86.0 MB.

Unloading 7 unused Assets to reduce memory usage. Loaded Objects now: 2312.
Total: 1.849500 ms (FindLiveObjects: 0.214900 ms CreateObjectMapping: 0.043300 ms MarkObjects: 1.570700 ms  DeleteObjects: 0.019100 ms)

========================================================================
Received Prepare
Registering precompiled user dll's ...
Registered in 0.000857 seconds.
Begin MonoManager ReloadAssembly
Native extension for WindowsStandalone target not found
Refreshing native plugins compatible for Editor in 0.38 ms, found 1 plugins.
Preloading 0 native plugins for Editor in 0.00 ms.
Invoked RoslynAnalysisRunner static constructor.
RoslynAnalysisRunner will not be running.
RoslynAnalysisRunner has terminated.
Mono: successfully reloaded assembly
- Completed reload, in  0.787 seconds
Platform modules already initialized, skipping
Refreshing native plugins compatible for Editor in 0.49 ms, found 1 plugins.
Preloading 0 native plugins for Editor in 0.00 ms.
Unloading 1808 Unused Serialized files (Serialized files now loaded: 0)
System memory in use before: 85.9 MB.
System memory in use after: 86.1 MB.

Unloading 7 unused Assets to reduce memory usage. Loaded Objects now: 2316.
Total: 3.504800 ms (FindLiveObjects: 0.615400 ms CreateObjectMapping: 0.145700 ms MarkObjects: 2.722800 ms  DeleteObjects: 0.017800 ms)

========================================================================
Received Import Request.
  Time since last request: 1083.633499 seconds.
  path: Assets/Resouresrs/Tree 020 (16x321.png
  artifactKey: Guid(f747365f494a2e347a65b4982105e40d) Importer(815301076,1909f56bfc062723c751e8b465ee728b)
Start importing Assets/Resouresrs/Tree 020 (16x321.png using Guid(f747365f494a2e347a65b4982105e40d) Importer(815301076,1909f56bfc062723c751e8b465ee728b)  -> (artifact id: '19172773163a7081609314406c8eeae5') in 0.098980 seconds
  Import took 0.103015 seconds .

========================================================================
Received Import Request.
  Time since last request: 7.665585 seconds.
  path: Assets/Resouresrs/Sprite
  artifactKey: Guid(9c0319989969af047ad0d901de782e40) Importer(815301076,1909f56bfc062723c751e8b465ee728b)
Start importing Assets/Resouresrs/Sprite using Guid(9c0319989969af047ad0d901de782e40) Importer(815301076,1909f56bfc062723c751e8b465ee728b)  -> (artifact id: 'adf98ea3629d939e26dcd7fa4fb79c74') in 0.018721 seconds
  Import took 0.025074 seconds .

========================================================================
Received Prepare
Registering precompiled user dll's ...
Registered in 0.001678 seconds.
Begin MonoManager ReloadAssembly
Native extension for WindowsStandalone target not found
Refreshing native plugins compatible for Editor in 0.55 ms, found 1 plugins.
Preloading 0 native plugins for Editor in 0.00 ms.
Invoked RoslynAnalysisRunner static constructor.
RoslynAnalysisRunner will not be running.
RoslynAnalysisRunner has terminated.
Mono: successfully reloaded assembly
- Completed reload, in  0.855 seconds
Platform modules already initialized, skipping
Refreshing native plugins compatible for Editor in 0.43 ms, found 1 plugins.
Preloading 0 native plugins for Editor in 0.00 ms.
Unloading 1808 Unused Serialized files (Serialized files now loaded: 0)
System memory in use before: 89.0 MB.
System memory in use after: 89.2 MB.

Unloading 7 unused Assets to reduce memory usage. Loaded Objects now: 2326.
Total: 2.887500 ms (FindLiveObjects: 0.460300 ms CreateObjectMapping: 0.090100 ms MarkObjects: 2.316800 ms  DeleteObjects: 0.018400 ms)

========================================================================
Received Prepare
Registering precompiled user dll's ...
Registered in 0.000875 seconds.
Begin MonoManager ReloadAssembly
Native extension for WindowsStandalone target not found
Refreshing native plugins compatible for Editor in 0.36 ms, found 1 plugins.
Preloading 0 native plugins for Editor in 0.00 ms.
Invoked RoslynAnalysisRunner static constructor.
RoslynAnalysisRunner will not be running.
RoslynAnalysisRunner has terminated.
Mono: successfully reloaded assembly
- Completed reload, in  0.730 seconds
Platform modules already initialized, skipping
Refreshing native plugins compatible for Editor in 0.39 ms, found 1 plugins.
Preloading 0 native plugins for Editor in 0.00 ms.
Unloading 1808 Unused Serialized files (Serialized files now loaded: 0)
System memory in use before: 89.0 MB.
System memory in use after: 89.2 MB.

Unloading 7 unused Assets to reduce memory usage. Loaded Objects now: 2330.
Total: 2.632700 ms (FindLiveObjects: 0.310500 ms CreateObjectMapping: 0.073400 ms MarkObjects: 2.227700 ms  DeleteObjects: 0.018700 ms)

AssetImportWorkerClient::OnTransportError - code=2 error=End of file
